[2962][1585587045868][main][info]["Booting Postman 7.21.1, linux-5.4.0-18-generic on x64"]
[2962][1585587045874][main][info]["EventBus~initialize - Success"]
[2962][1585587045879][main][warn]["CloudProxyManager~init: Error while reading proxy configuration from user data - ",{"errno":-2,"code":"ENOENT","syscall":"open","path":"/home/devasc/snap/postman/103/.config/Postman/Postman_Config/proxy","name":"Error","message":"ENOENT: no such file or directory, open '/home/devasc/snap/postman/103/.config/Postman/Postman_Config/proxy'","stack":"Error: ENOENT: no such file or directory, open '/home/devasc/snap/postman/103/.config/Postman/Postman_Config/proxy'"}]
[2962][1585587045880][main][info]["CloudProxyManager~init - Success"]
[2962][1585587045893][main][info]["UpdateHandler~init - Success"]
[2962][1585587045894][main][info]["RuntimeExecutionService~initialized: Success"]
[2962][1585587046397][main][info]["LinuxAutoUpdater~Cleanup - Initial cleanup successful"]
[2962][1585587046840][main][info]["Bootstrap-models~bootstrap - Success"]
[2962][1585587047705][main][info]["window-manager~newSharedWindow: Shell loaded"]
[2962][1585587053515][main][info]["Main~AppEvents - Received booted event for process shared"]
[2962][1585587057489][main][info]["Main~AppEvents - Received booted event for process requester"]
[2962][1585587064271][main][info]["Quitting app"]
[3445][1679040087808][main][info]["Booting Postman 10.10.9, linux-5.4.0-37-generic on x64"]
[3445][1679040087816][main][info]["EventBus~initialize - Success"]
[3445][1679040087840][main][info]["Proxy configuration has not been setup"]
[3445][1679040087840][main][info]["CloudProxyManager~init - Success"]
[3445][1679040087868][main][info]["performShellDataMigration: Starting shell data migration"]
[3445][1679040087868][main][info]["migrateShellData:Starting"]
[3445][1679040087914][main][info]["migrateShellData: Old storage cleaned up"]
[3445][1679040089361][main][info]["migrateShellData: Got data from shell. Writing to storage"]
[3445][1679040089366][main][info]["performShellDataMigration: Migration successful on try count 1"]
[3445][1679040089373][main][info]["UpdateHandler~init - Success"]
[3445][1679040089376][main][info]["LeaderSelection: Initialized successfully"]
[3445][1679040089377][main][info]["VersionDependencyService: Initialized successfully"]
[3445][1679040089390][main][info]["Generated root certificate for linux"]
[3445][1679040089392][main][info]["LinuxAutoUpdater~Cleanup - Initial cleanup successful"]
[3445][1679040089404][main][info]["GPU detected VID 0 DID 0 ACTIVE false"]
[3445][1679040089436][main][info]["shellController~init: Success"]
[3445][1679040089444][main][info]["shellMeta~init: Success"]
[3445][1679040089444][main][info]["partitionMigrationService: State of V7 partition:"]
[3445][1679040089444][main][info]["partitionMigrationService: V7 partitions",[]]
[3445][1679040089445][main][info]["partitionMigrationService~rectifyNamespaceOfScratchPadPartition: There is no partition with scratchpad namespace"]
[3445][1679040089445][main][info]["partitionMigrationService~rectifyNamespaceOfScratchPadPartition: There is no transit partition which could have been used for scratchpad"]
[3445][1679040089446][main][info]["partitionMigrationService~init: Success"]
[3445][1679040089462][main][info]["partitionMigrationService~runV8PartitionsIntegrity: Two way migration~ removing the following partitions from v8",[]]
[3445][1679040089468][main][info]["userPartitionService~_rectifyTheActivePartitionOfApplication: Setting the active partition to ",null]
[3445][1679040089483][main][info]["partitionMigrationService~migrateSignedOutPartitionAsScratchpad: Migrating v7 logged out state partition as scratchpad on v8 partition system",{"partitionId":"default"}]
[3445][1679040089521][main][info]["userPartitionService~init: Success"]
[3445][1679040089535][main][info]["userPartitionService: State of v8 partition system:"]
[3445][1679040089538][main][info]["shell~init~getPartitionToLoad: loading scratchpad partition"]
[3445][1679040089541][main][info]["userPartitionService: List of partitions:",[{"partitionId":"default","namespace":"scratchPad","userId":0,"teamId":0}]]
[3445][1679040089541][main][info]["userPartitionService: users global meta:",{}]
[3445][1679040092491][main][info]["RuntimeIPCAgent~started: Success"]
[3445][1679040092942][main][info]["windowManager: First requester booted successfully."]
[3445][1679040092942][main][info]["windowManager~restoreWindows: Restoring requester windows"]
[3445][1679040092943][main][info]["Main~AppEvents - Received booted event for process requester.Version undefined UI Version: undefined Desktop Platform Version: 10.10.9"]
[3445][1679044299355][main][info]["WindowManager~closeHandler - Closed Window (id: 2 )"]
[3445][1679044299360][main][info]["Quitting app"]
